<?xml version="1.0" encoding="UTF-8"?>
<!-- Generated by org.testng.reporters.JUnitReportReporter -->
<testsuite skipped="0" hostname="Munishmas-Mac" name="com.vmetry.testng.FirstTestCase" tests="1" failures="0" timestamp="27 Dec 2018 04:21:35 GMT" time="5.150" errors="0">
  <testcase name="validateInputData" time="5.150" classname="com.vmetry.testng.FirstTestCase"/>
</testsuite> <!-- com.vmetry.testng.FirstTestCase -->
