<?xml version="1.0" encoding="UTF-8"?>
<!-- Generated by org.testng.reporters.JUnitReportReporter -->
<testsuite skipped="0" hostname="Munishmas-Mac" name="com.vmetry.testng.Prioritization" tests="3" failures="0" timestamp="27 Dec 2018 04:40:18 GMT" time="14.564" errors="0">
  <testcase name="validateLaunchGoogle" time="4.012" classname="com.vmetry.testng.Prioritization"/>
  <testcase name="validateLaunchBing" time="3.874" classname="com.vmetry.testng.Prioritization"/>
  <testcase name="validateLaunchFacebook" time="6.678" classname="com.vmetry.testng.Prioritization"/>
</testsuite> <!-- com.vmetry.testng.Prioritization -->
