<?xml version="1.0" encoding="UTF-8"?>
<!-- Generated by org.testng.reporters.JUnitReportReporter -->
<testsuite hostname="DESKTOP-E1A827U" failures="0" tests="1" name="com.vmetry.testng.RetryTest" time="20.308" errors="0" timestamp="2021-06-16T16:26:30 IST" skipped="0">
  <testcase classname="com.vmetry.testng.RetryTest" name="validateInputData" time="20.308"/>
  <system-out/>
</testsuite> <!-- com.vmetry.testng.RetryTest -->
