<?xml version="1.0" encoding="UTF-8"?>
<!-- Generated by org.testng.reporters.JUnitReportReporter -->
<testsuite skipped="0" hostname="Munishmas-Mac" name="com.vmetry.testng.Annotations" tests="2" failures="0" timestamp="27 Dec 2018 04:21:35 GMT" time="0.002" errors="0">
  <testcase name="test2" time="0.001" classname="com.vmetry.testng.Annotations"/>
  <testcase name="test1" time="0.001" classname="com.vmetry.testng.Annotations"/>
</testsuite> <!-- com.vmetry.testng.Annotations -->
