<?xml version="1.0" encoding="UTF-8"?>
<!-- Generated by org.testng.reporters.JUnitReportReporter -->
<testsuite skipped="2" hostname="Munishmas-Mac" name="com.vmetry.testng.SkipTestCase" tests="4" failures="0" timestamp="03 Jan 2019 04:52:33 GMT" time="10.227" errors="0">
  <testcase name="validateLaunchBing" time="3.314" classname="com.vmetry.testng.SkipTestCase"/>
  <testcase name="validateLaunchTamilRockers" time="1.502" classname="com.vmetry.testng.SkipTestCase">
    <skipped/>
  </testcase> <!-- validateLaunchTamilRockers -->
  <testcase name="validateLaunchGoogle" time="3.905" classname="com.vmetry.testng.SkipTestCase"/>
  <testcase name="validateLaunchTamilGun" time="1.506" classname="com.vmetry.testng.SkipTestCase">
    <skipped/>
  </testcase> <!-- validateLaunchTamilGun -->
</testsuite> <!-- com.vmetry.testng.SkipTestCase -->
