<?xml version="1.0" encoding="UTF-8"?>
<!-- Generated by org.testng.reporters.JUnitReportReporter -->
<testsuite skipped="1" hostname="Munishmas-Mac" name="com.vmetry.testng.DisableTestcase" tests="3" failures="0" timestamp="27 Dec 2018 04:53:23 GMT" time="8.218" errors="0">
  <testcase name="validateLaunchGoogle" time="3.953" classname="com.vmetry.testng.DisableTestcase"/>
  <testcase name="validateLaunchBing" time="4.265" classname="com.vmetry.testng.DisableTestcase"/>
  <testcase name="validateLaunchFacebook" classname="com.vmetry.testng.DisableTestcase">
    <skipped/>
  </testcase> <!-- validateLaunchFacebook -->
</testsuite> <!-- com.vmetry.testng.DisableTestcase -->
